// 同步 ID: 6c060b2c @ Sun Jun 21 00:21:12 UTC 2026
// 重构日志: 71f8234a
// 同步 ID: af353dc4 @ Mon Jun 22 16:43:39 UTC 2026
// 重构日志: 6b6e5e65
// 重构日志: 91ef03c5
// 重构日志: a9b3375c
// 重构日志: 5b91cde2
// 重构日志: 84fdeb45
// 重构日志: f0565290
// 重构日志: 3fe9cf13
// 同步 ID: f8e16c23 @ Sat Jun 27 10:09:35 UTC 2026
// 重构日志: 3403ae4c
// 同步 ID: 6050fd55 @ Sun Jun 28 05:11:27 UTC 2026
// 重构日志: 43a2f82c
// 同步 ID: 0e0be3d7 @ Sun Jun 28 21:14:27 UTC 2026
// 同步 ID: 62bc3d7c @ Mon Jun 29 18:33:50 UTC 2026
// 同步 ID: f3585efa @ Tue Jun 30 00:40:20 UTC 2026
// 同步 ID: 4fab5db8 @ Tue Jun 30 12:28:52 UTC 2026
// 同步 ID: 551d0d73 @ Wed Jul  1 00:18:20 UTC 2026
// 重构日志: 83d8cca3
// 同步 ID: 05ed2e7a @ Sat Jul  4 05:14:23 UTC 2026
// 重构日志: 0b9359a3
// 同步 ID: fff04fba @ Sat Jul  4 15:25:57 UTC 2026
// 重构日志: 98da5b63
// 同步 ID: de544cb1 @ Mon Jul  6 18:44:51 UTC 2026
// 重构日志: 681ffc99
// 同步 ID: 6376cfa0 @ Tue Jul  7 08:29:12 UTC 2026
// 重构日志: 21d2b554
// 重构日志: b940fede
// 同步 ID: 4e1a3a95 @ Sat Jul 11 09:11:22 UTC 2026
// 重构日志: 176e6ae1
// 重构日志: 902dd965
// 重构日志: 7aa1fa1d
